[debug] [2022-04-14T06:10:18.890Z] ----------------------------------------------------------------------
[debug] [2022-04-14T06:10:18.893Z] Command:       C:\Program Files\nodejs\node.exe C:\Users\gerar\AppData\Roaming\npm\node_modules\firebase-tools\lib\bin\firebase.js init
[debug] [2022-04-14T06:10:18.893Z] CLI Version:   10.6.0
[debug] [2022-04-14T06:10:18.893Z] Platform:      win32
[debug] [2022-04-14T06:10:18.894Z] Node Version:  v14.18.0
[debug] [2022-04-14T06:10:18.895Z] Time:          Thu Apr 14 2022 01:10:18 GMT-0500 (hora estándar oriental)
[debug] [2022-04-14T06:10:18.895Z] ----------------------------------------------------------------------
[debug] 
[debug] [2022-04-14T06:10:19.001Z] > command requires scopes: ["email","openid","https://www.googleapis.com/auth/cloudplatformprojects.readonly","https://www.googleapis.com/auth/firebase","https://www.googleapis.com/auth/cloud-platform"]
[debug] [2022-04-14T06:10:19.001Z] > authorizing via signed-in user (gerardoluisbv@gmail.com)
[info] 
     ######## #### ########  ######## ########     ###     ######  ########
     ##        ##  ##     ## ##       ##     ##  ##   ##  ##       ##
     ######    ##  ########  ######   ########  #########  ######  ######
     ##        ##  ##    ##  ##       ##     ## ##     ##       ## ##
     ##       #### ##     ## ######## ########  ##     ##  ######  ########

You're about to initialize a Firebase project in this directory:

  C:\Users\gerar\OneDrive\Escritorio\portafolio-gerardoluisbv

Before we get started, keep in mind:

  * You are initializing within an existing Firebase project directory

